app/build/intermediates/manifest_merge_blame_file/debug/processDebugMainManifest/manifest-merger-blame-debug-report.txt
1<?xml version="1.0" encoding="utf-8"?>
2<manifest xmlns:android="http://schemas.android.com/apk/res/android"
3    package="com.example.residency_management"
4    android:versionCode="1"
5    android:versionName="1.0" >
6
7    <uses-sdk
8        android:minSdkVersion="27"
9        android:targetSdkVersion="34" />
10
11    <uses-permission android:name="android.permission.INTERNET" />
11-->src\main\AndroidManifest.xml:5:5-67
11-->src\main\AndroidManifest.xml:5:22-64
12    <uses-permission android:name="android.permission.ACCESS_NETWORK_STATE" />
12-->[com.google.firebase:firebase-auth:23.0.0] AndroidManifest.xml:26:5-79
12-->[com.google.firebase:firebase-auth:23.0.0] AndroidManifest.xml:26:22-76
13    <uses-permission android:name="com.google.android.providers.gsf.permission.READ_GSERVICES" />
13-->[com.google.android.recaptcha:recaptcha:18.4.0] AndroidManifest.xml:9:5-98
13-->[com.google.android.recaptcha:recaptcha:18.4.0] AndroidManifest.xml:9:22-95
14
15    <permission
15-->[androidx.core:core:1.13.0] AndroidManifest.xml:22:5-24:47
16        android:name="com.example.residency_management.DYNAMIC_RECEIVER_NOT_EXPORTED_PERMISSION"
16-->[androidx.core:core:1.13.0] AndroidManifest.xml:23:9-81
17        android:protectionLevel="signature" />
17-->[androidx.core:core:1.13.0] AndroidManifest.xml:24:9-44
18
19    <uses-permission android:name="com.example.residency_management.DYNAMIC_RECEIVER_NOT_EXPORTED_PERMISSION" />
19-->[androidx.core:core:1.13.0] AndroidManifest.xml:26:5-97
19-->[androidx.core:core:1.13.0] AndroidManifest.xml:26:22-94
20
21    <application
21-->src\main\AndroidManifest.xml:7:5-47:19
22        android:allowBackup="true"
22-->src\main\AndroidManifest.xml:8:9-35
23        android:appComponentFactory="androidx.core.app.CoreComponentFactory"
23-->[androidx.core:core:1.13.0] AndroidManifest.xml:28:18-86
24        android:dataExtractionRules="@xml/data_extraction_rules"
24-->src\main\AndroidManifest.xml:9:9-65
25        android:debuggable="true"
26        android:extractNativeLibs="false"
27        android:fullBackupContent="@xml/backup_rules"
27-->src\main\AndroidManifest.xml:10:9-54
28        android:icon="@mipmap/ic_launcher"
28-->src\main\AndroidManifest.xml:11:9-43
29        android:label="@string/app_name"
29-->src\main\AndroidManifest.xml:12:9-41
30        android:roundIcon="@mipmap/ic_launcher_round"
30-->src\main\AndroidManifest.xml:13:9-54
31        android:supportsRtl="true"
31-->src\main\AndroidManifest.xml:14:9-35
32        android:testOnly="true"
33        android:theme="@style/Theme.Residency_management" >
33-->src\main\AndroidManifest.xml:15:9-58
34        <activity
34-->src\main\AndroidManifest.xml:17:9-19:40
35            android:name="com.example.residency_management.rooms"
35-->src\main\AndroidManifest.xml:18:13-34
36            android:exported="false" />
36-->src\main\AndroidManifest.xml:19:13-37
37        <activity
37-->src\main\AndroidManifest.xml:20:9-22:40
38            android:name="com.example.residency_management.event"
38-->src\main\AndroidManifest.xml:21:13-34
39            android:exported="false" />
39-->src\main\AndroidManifest.xml:22:13-37
40        <activity
40-->src\main\AndroidManifest.xml:23:9-25:40
41            android:name="com.example.residency_management.restaurant"
41-->src\main\AndroidManifest.xml:24:13-39
42            android:exported="false" />
42-->src\main\AndroidManifest.xml:25:13-37
43        <activity
43-->src\main\AndroidManifest.xml:26:9-28:40
44            android:name="com.example.residency_management.profile"
44-->src\main\AndroidManifest.xml:27:13-36
45            android:exported="false" />
45-->src\main\AndroidManifest.xml:28:13-37
46        <activity
46-->src\main\AndroidManifest.xml:29:9-31:40
47            android:name="com.example.residency_management.home"
47-->src\main\AndroidManifest.xml:30:13-33
48            android:exported="false" />
48-->src\main\AndroidManifest.xml:31:13-37
49        <activity
49-->src\main\AndroidManifest.xml:32:9-34:40
50            android:name="com.example.residency_management.register"
50-->src\main\AndroidManifest.xml:33:13-37
51            android:exported="false" />
51-->src\main\AndroidManifest.xml:34:13-37
52        <activity
52-->src\main\AndroidManifest.xml:35:9-37:40
53            android:name="com.example.residency_management.MainActivity"
53-->src\main\AndroidManifest.xml:36:13-41
54            android:exported="false" />
54-->src\main\AndroidManifest.xml:37:13-37
55        <activity
55-->src\main\AndroidManifest.xml:38:9-46:20
56            android:name="com.example.residency_management.splashscreen"
56-->src\main\AndroidManifest.xml:39:13-41
57            android:exported="true" >
57-->src\main\AndroidManifest.xml:40:13-36
58            <intent-filter>
58-->src\main\AndroidManifest.xml:41:13-45:29
59                <action android:name="android.intent.action.MAIN" />
59-->src\main\AndroidManifest.xml:42:17-69
59-->src\main\AndroidManifest.xml:42:25-66
60
61                <category android:name="android.intent.category.LAUNCHER" />
61-->src\main\AndroidManifest.xml:44:17-77
61-->src\main\AndroidManifest.xml:44:27-74
62            </intent-filter>
63        </activity>
64        <activity
64-->[com.google.firebase:firebase-auth:23.0.0] AndroidManifest.xml:29:9-46:20
65            android:name="com.google.firebase.auth.internal.GenericIdpActivity"
65-->[com.google.firebase:firebase-auth:23.0.0] AndroidManifest.xml:30:13-80
66            android:excludeFromRecents="true"
66-->[com.google.firebase:firebase-auth:23.0.0] AndroidManifest.xml:31:13-46
67            android:exported="true"
67-->[com.google.firebase:firebase-auth:23.0.0] AndroidManifest.xml:32:13-36
68            android:launchMode="singleTask"
68-->[com.google.firebase:firebase-auth:23.0.0] AndroidManifest.xml:33:13-44
69            android:theme="@android:style/Theme.Translucent.NoTitleBar" >
69-->[com.google.firebase:firebase-auth:23.0.0] AndroidManifest.xml:34:13-72
70            <intent-filter>
70-->[com.google.firebase:firebase-auth:23.0.0] AndroidManifest.xml:35:13-45:29
71                <action android:name="android.intent.action.VIEW" />
71-->[com.google.firebase:firebase-auth:23.0.0] AndroidManifest.xml:36:17-69
71-->[com.google.firebase:firebase-auth:23.0.0] AndroidManifest.xml:36:25-66
72
73                <category android:name="android.intent.category.DEFAULT" />
73-->[com.google.firebase:firebase-auth:23.0.0] AndroidManifest.xml:38:17-76
73-->[com.google.firebase:firebase-auth:23.0.0] AndroidManifest.xml:38:27-73
74                <category android:name="android.intent.category.BROWSABLE" />
74-->[com.google.firebase:firebase-auth:23.0.0] AndroidManifest.xml:39:17-78
74-->[com.google.firebase:firebase-auth:23.0.0] AndroidManifest.xml:39:27-75
75
76                <data
76-->[com.google.firebase:firebase-auth:23.0.0] AndroidManifest.xml:41:17-44:51
77                    android:host="firebase.auth"
77-->[com.google.firebase:firebase-auth:23.0.0] AndroidManifest.xml:42:21-49
78                    android:path="/"
78-->[com.google.firebase:firebase-auth:23.0.0] AndroidManifest.xml:43:21-37
79                    android:scheme="genericidp" />
79-->[com.google.firebase:firebase-auth:23.0.0] AndroidManifest.xml:44:21-48
80            </intent-filter>
81        </activity>
82        <activity
82-->[com.google.firebase:firebase-auth:23.0.0] AndroidManifest.xml:47:9-64:20
83            android:name="com.google.firebase.auth.internal.RecaptchaActivity"
83-->[com.google.firebase:firebase-auth:23.0.0] AndroidManifest.xml:48:13-79
84            android:excludeFromRecents="true"
84-->[com.google.firebase:firebase-auth:23.0.0] AndroidManifest.xml:49:13-46
85            android:exported="true"
85-->[com.google.firebase:firebase-auth:23.0.0] AndroidManifest.xml:50:13-36
86            android:launchMode="singleTask"
86-->[com.google.firebase:firebase-auth:23.0.0] AndroidManifest.xml:51:13-44
87            android:theme="@android:style/Theme.Translucent.NoTitleBar" >
87-->[com.google.firebase:firebase-auth:23.0.0] AndroidManifest.xml:52:13-72
88            <intent-filter>
88-->[com.google.firebase:firebase-auth:23.0.0] AndroidManifest.xml:53:13-63:29
89                <action android:name="android.intent.action.VIEW" />
89-->[com.google.firebase:firebase-auth:23.0.0] AndroidManifest.xml:36:17-69
89-->[com.google.firebase:firebase-auth:23.0.0] AndroidManifest.xml:36:25-66
90
91                <category android:name="android.intent.category.DEFAULT" />
91-->[com.google.firebase:firebase-auth:23.0.0] AndroidManifest.xml:38:17-76
91-->[com.google.firebase:firebase-auth:23.0.0] AndroidManifest.xml:38:27-73
92                <category android:name="android.intent.category.BROWSABLE" />
92-->[com.google.firebase:firebase-auth:23.0.0] AndroidManifest.xml:39:17-78
92-->[com.google.firebase:firebase-auth:23.0.0] AndroidManifest.xml:39:27-75
93
94                <data
94-->[com.google.firebase:firebase-auth:23.0.0] AndroidManifest.xml:41:17-44:51
95                    android:host="firebase.auth"
95-->[com.google.firebase:firebase-auth:23.0.0] AndroidManifest.xml:42:21-49
96                    android:path="/"
96-->[com.google.firebase:firebase-auth:23.0.0] AndroidManifest.xml:43:21-37
97                    android:scheme="recaptcha" />
97-->[com.google.firebase:firebase-auth:23.0.0] AndroidManifest.xml:44:21-48
98            </intent-filter>
99        </activity>
100
101        <service
101-->[com.google.firebase:firebase-auth:23.0.0] AndroidManifest.xml:66:9-72:19
102            android:name="com.google.firebase.components.ComponentDiscoveryService"
102-->[com.google.firebase:firebase-auth:23.0.0] AndroidManifest.xml:67:13-84
103            android:directBootAware="true"
103-->[com.google.firebase:firebase-common:21.0.0] AndroidManifest.xml:32:13-43
104            android:exported="false" >
104-->[com.google.firebase:firebase-auth:23.0.0] AndroidManifest.xml:68:13-37
105            <meta-data
105-->[com.google.firebase:firebase-auth:23.0.0] AndroidManifest.xml:69:13-71:85
106                android:name="com.google.firebase.components:com.google.firebase.auth.FirebaseAuthRegistrar"
106-->[com.google.firebase:firebase-auth:23.0.0] AndroidManifest.xml:70:17-109
107                android:value="com.google.firebase.components.ComponentRegistrar" />
107-->[com.google.firebase:firebase-auth:23.0.0] AndroidManifest.xml:71:17-82
108            <meta-data
108-->[com.google.firebase:firebase-common-ktx:21.0.0] AndroidManifest.xml:12:13-14:85
109                android:name="com.google.firebase.components:com.google.firebase.ktx.FirebaseCommonLegacyRegistrar"
109-->[com.google.firebase:firebase-common-ktx:21.0.0] AndroidManifest.xml:13:17-116
110                android:value="com.google.firebase.components.ComponentRegistrar" />
110-->[com.google.firebase:firebase-common-ktx:21.0.0] AndroidManifest.xml:14:17-82
111            <meta-data
111-->[com.google.firebase:firebase-common:21.0.0] AndroidManifest.xml:35:13-37:85
112                android:name="com.google.firebase.components:com.google.firebase.FirebaseCommonKtxRegistrar"
112-->[com.google.firebase:firebase-common:21.0.0] AndroidManifest.xml:36:17-109
113                android:value="com.google.firebase.components.ComponentRegistrar" />
113-->[com.google.firebase:firebase-common:21.0.0] AndroidManifest.xml:37:17-82
114        </service>
115        <service
115-->[androidx.credentials:credentials-play-services-auth:1.2.0-rc01] AndroidManifest.xml:24:9-32:19
116            android:name="androidx.credentials.playservices.CredentialProviderMetadataHolder"
116-->[androidx.credentials:credentials-play-services-auth:1.2.0-rc01] AndroidManifest.xml:25:13-94
117            android:enabled="true"
117-->[androidx.credentials:credentials-play-services-auth:1.2.0-rc01] AndroidManifest.xml:26:13-35
118            android:exported="false" >
118-->[androidx.credentials:credentials-play-services-auth:1.2.0-rc01] AndroidManifest.xml:27:13-37
119            <meta-data
119-->[androidx.credentials:credentials-play-services-auth:1.2.0-rc01] AndroidManifest.xml:29:13-31:104
120                android:name="androidx.credentials.CREDENTIAL_PROVIDER_KEY"
120-->[androidx.credentials:credentials-play-services-auth:1.2.0-rc01] AndroidManifest.xml:30:17-76
121                android:value="androidx.credentials.playservices.CredentialProviderPlayServicesImpl" />
121-->[androidx.credentials:credentials-play-services-auth:1.2.0-rc01] AndroidManifest.xml:31:17-101
122        </service>
123
124        <activity
124-->[androidx.credentials:credentials-play-services-auth:1.2.0-rc01] AndroidManifest.xml:34:9-41:20
125            android:name="androidx.credentials.playservices.HiddenActivity"
125-->[androidx.credentials:credentials-play-services-auth:1.2.0-rc01] AndroidManifest.xml:35:13-76
126            android:configChanges="orientation|screenSize|screenLayout|keyboardHidden"
126-->[androidx.credentials:credentials-play-services-auth:1.2.0-rc01] AndroidManifest.xml:36:13-87
127            android:enabled="true"
127-->[androidx.credentials:credentials-play-services-auth:1.2.0-rc01] AndroidManifest.xml:37:13-35
128            android:exported="false"
128-->[androidx.credentials:credentials-play-services-auth:1.2.0-rc01] AndroidManifest.xml:38:13-37
129            android:fitsSystemWindows="true"
129-->[androidx.credentials:credentials-play-services-auth:1.2.0-rc01] AndroidManifest.xml:39:13-45
130            android:theme="@style/Theme.Hidden" >
130-->[androidx.credentials:credentials-play-services-auth:1.2.0-rc01] AndroidManifest.xml:40:13-48
131        </activity>
132        <activity
132-->[com.google.android.gms:play-services-auth:21.2.0] AndroidManifest.xml:23:9-27:75
133            android:name="com.google.android.gms.auth.api.signin.internal.SignInHubActivity"
133-->[com.google.android.gms:play-services-auth:21.2.0] AndroidManifest.xml:24:13-93
134            android:excludeFromRecents="true"
134-->[com.google.android.gms:play-services-auth:21.2.0] AndroidManifest.xml:25:13-46
135            android:exported="false"
135-->[com.google.android.gms:play-services-auth:21.2.0] AndroidManifest.xml:26:13-37
136            android:theme="@android:style/Theme.Translucent.NoTitleBar" />
136-->[com.google.android.gms:play-services-auth:21.2.0] AndroidManifest.xml:27:13-72
137        <!--
138            Service handling Google Sign-In user revocation. For apps that do not integrate with
139            Google Sign-In, this service will never be started.
140        -->
141        <service
141-->[com.google.android.gms:play-services-auth:21.2.0] AndroidManifest.xml:33:9-37:51
142            android:name="com.google.android.gms.auth.api.signin.RevocationBoundService"
142-->[com.google.android.gms:play-services-auth:21.2.0] AndroidManifest.xml:34:13-89
143            android:exported="true"
143-->[com.google.android.gms:play-services-auth:21.2.0] AndroidManifest.xml:35:13-36
144            android:permission="com.google.android.gms.auth.api.signin.permission.REVOCATION_NOTIFICATION"
144-->[com.google.android.gms:play-services-auth:21.2.0] AndroidManifest.xml:36:13-107
145            android:visibleToInstantApps="true" />
145-->[com.google.android.gms:play-services-auth:21.2.0] AndroidManifest.xml:37:13-48
146
147        <provider
147-->[com.google.firebase:firebase-common:21.0.0] AndroidManifest.xml:23:9-28:39
148            android:name="com.google.firebase.provider.FirebaseInitProvider"
148-->[com.google.firebase:firebase-common:21.0.0] AndroidManifest.xml:24:13-77
149            android:authorities="com.example.residency_management.firebaseinitprovider"
149-->[com.google.firebase:firebase-common:21.0.0] AndroidManifest.xml:25:13-72
150            android:directBootAware="true"
150-->[com.google.firebase:firebase-common:21.0.0] AndroidManifest.xml:26:13-43
151            android:exported="false"
151-->[com.google.firebase:firebase-common:21.0.0] AndroidManifest.xml:27:13-37
152            android:initOrder="100" />
152-->[com.google.firebase:firebase-common:21.0.0] AndroidManifest.xml:28:13-36
153
154        <activity
154-->[com.google.android.gms:play-services-base:18.3.0] AndroidManifest.xml:20:9-22:45
155            android:name="com.google.android.gms.common.api.GoogleApiActivity"
155-->[com.google.android.gms:play-services-base:18.3.0] AndroidManifest.xml:20:19-85
156            android:exported="false"
156-->[com.google.android.gms:play-services-base:18.3.0] AndroidManifest.xml:22:19-43
157            android:theme="@android:style/Theme.Translucent.NoTitleBar" />
157-->[com.google.android.gms:play-services-base:18.3.0] AndroidManifest.xml:21:19-78
158
159        <uses-library
159-->[androidx.window:window:1.0.0] AndroidManifest.xml:25:9-27:40
160            android:name="androidx.window.extensions"
160-->[androidx.window:window:1.0.0] AndroidManifest.xml:26:13-54
161            android:required="false" />
161-->[androidx.window:window:1.0.0] AndroidManifest.xml:27:13-37
162        <uses-library
162-->[androidx.window:window:1.0.0] AndroidManifest.xml:28:9-30:40
163            android:name="androidx.window.sidecar"
163-->[androidx.window:window:1.0.0] AndroidManifest.xml:29:13-51
164            android:required="false" />
164-->[androidx.window:window:1.0.0] AndroidManifest.xml:30:13-37
165
166        <provider
166-->[androidx.emoji2:emoji2:1.3.0] AndroidManifest.xml:24:9-32:20
167            android:name="androidx.startup.InitializationProvider"
167-->[androidx.emoji2:emoji2:1.3.0] AndroidManifest.xml:25:13-67
168            android:authorities="com.example.residency_management.androidx-startup"
168-->[androidx.emoji2:emoji2:1.3.0] AndroidManifest.xml:26:13-68
169            android:exported="false" >
169-->[androidx.emoji2:emoji2:1.3.0] AndroidManifest.xml:27:13-37
170            <meta-data
170-->[androidx.emoji2:emoji2:1.3.0] AndroidManifest.xml:29:13-31:52
171                android:name="androidx.emoji2.text.EmojiCompatInitializer"
171-->[androidx.emoji2:emoji2:1.3.0] AndroidManifest.xml:30:17-75
172                android:value="androidx.startup" />
172-->[androidx.emoji2:emoji2:1.3.0] AndroidManifest.xml:31:17-49
173            <meta-data
173-->[androidx.lifecycle:lifecycle-process:2.6.2] AndroidManifest.xml:29:13-31:52
174                android:name="androidx.lifecycle.ProcessLifecycleInitializer"
174-->[androidx.lifecycle:lifecycle-process:2.6.2] AndroidManifest.xml:30:17-78
175                android:value="androidx.startup" />
175-->[androidx.lifecycle:lifecycle-process:2.6.2] AndroidManifest.xml:31:17-49
176            <meta-data
176-->[androidx.profileinstaller:profileinstaller:1.3.1] AndroidManifest.xml:29:13-31:52
177                android:name="androidx.profileinstaller.ProfileInstallerInitializer"
177-->[androidx.profileinstaller:profileinstaller:1.3.1] AndroidManifest.xml:30:17-85
178                android:value="androidx.startup" />
178-->[androidx.profileinstaller:profileinstaller:1.3.1] AndroidManifest.xml:31:17-49
179        </provider>
180
181        <meta-data
181-->[com.google.android.gms:play-services-basement:18.3.0] AndroidManifest.xml:21:9-23:69
182            android:name="com.google.android.gms.version"
182-->[com.google.android.gms:play-services-basement:18.3.0] AndroidManifest.xml:22:13-58
183            android:value="@integer/google_play_services_version" />
183-->[com.google.android.gms:play-services-basement:18.3.0] AndroidManifest.xml:23:13-66
184
185        <receiver
185-->[androidx.profileinstaller:profileinstaller:1.3.1] AndroidManifest.xml:34:9-52:20
186            android:name="androidx.profileinstaller.ProfileInstallReceiver"
186-->[androidx.profileinstaller:profileinstaller:1.3.1] AndroidManifest.xml:35:13-76
187            android:directBootAware="false"
187-->[androidx.profileinstaller:profileinstaller:1.3.1] AndroidManifest.xml:36:13-44
188            android:enabled="true"
188-->[androidx.profileinstaller:profileinstaller:1.3.1] AndroidManifest.xml:37:13-35
189            android:exported="true"
189-->[androidx.profileinstaller:profileinstaller:1.3.1] AndroidManifest.xml:38:13-36
190            android:permission="android.permission.DUMP" >
190-->[androidx.profileinstaller:profileinstaller:1.3.1] AndroidManifest.xml:39:13-57
191            <intent-filter>
191-->[androidx.profileinstaller:profileinstaller:1.3.1] AndroidManifest.xml:40:13-42:29
192                <action android:name="androidx.profileinstaller.action.INSTALL_PROFILE" />
192-->[androidx.profileinstaller:profileinstaller:1.3.1] AndroidManifest.xml:41:17-91
192-->[androidx.profileinstaller:profileinstaller:1.3.1] AndroidManifest.xml:41:25-88
193            </intent-filter>
194            <intent-filter>
194-->[androidx.profileinstaller:profileinstaller:1.3.1] AndroidManifest.xml:43:13-45:29
195                <action android:name="androidx.profileinstaller.action.SKIP_FILE" />
195-->[androidx.profileinstaller:profileinstaller:1.3.1] AndroidManifest.xml:44:17-85
195-->[androidx.profileinstaller:profileinstaller:1.3.1] AndroidManifest.xml:44:25-82
196            </intent-filter>
197            <intent-filter>
197-->[androidx.profileinstaller:profileinstaller:1.3.1] AndroidManifest.xml:46:13-48:29
198                <action android:name="androidx.profileinstaller.action.SAVE_PROFILE" />
198-->[androidx.profileinstaller:profileinstaller:1.3.1] AndroidManifest.xml:47:17-88
198-->[androidx.profileinstaller:profileinstaller:1.3.1] AndroidManifest.xml:47:25-85
199            </intent-filter>
200            <intent-filter>
200-->[androidx.profileinstaller:profileinstaller:1.3.1] AndroidManifest.xml:49:13-51:29
201                <action android:name="androidx.profileinstaller.action.BENCHMARK_OPERATION" />
201-->[androidx.profileinstaller:profileinstaller:1.3.1] AndroidManifest.xml:50:17-95
201-->[androidx.profileinstaller:profileinstaller:1.3.1] AndroidManifest.xml:50:25-92
202            </intent-filter>
203        </receiver>
204    </application>
205
206</manifest>